<?xml version="1.0" encoding="UTF-8"?>
<!-- Generated by org.testng.reporters.JUnitXMLReporter -->
<testsuite hostname="DESKTOP-K1IHAQB" ignored="0" name="Project NASA XYZ Tests" tests="8" failures="8" timestamp="07 Aug 2017 04:56:43 GMT" time="5.324" errors="0">
  <testcase name="apiKeyTestResponseCode" time="2.923" classname="gov.nasa.tests.NasaApiTests">
    <failure type="org.springframework.web.client.HttpClientErrorException" message="403 Forbidden">
      <![CDATA[org.springframework.web.client.HttpClientErrorException: 403 Forbidden
	at org.springframework.web.client.DefaultResponseErrorHandler.handleError(DefaultResponseErrorHandler.java:63)
	at org.springframework.web.client.RestTemplate.handleResponse(RestTemplate.java:700)
	at org.springframework.web.client.RestTemplate.doExecute(RestTemplate.java:653)
	at org.springframework.web.client.RestTemplate.execute(RestTemplate.java:628)
	at org.springframework.web.client.RestTemplate.exchange(RestTemplate.java:590)
	at gov.nasa.tests.support.api.ApiService.getStatusCode(ApiService.java:47)
	at gov.nasa.tests.service.NasaSoundApiService.getResponseCode(NasaSoundApiService.java:65)
	at gov.nasa.tests.NasaApiTests.apiKeyTestResponseCode(NasaApiTests.java:159)
	at org.springframework.test.context.testng.AbstractTestNGSpringContextTests.run(AbstractTestNGSpringContextTests.java:175)
	at java.util.concurrent.ThreadPoolExecutor.runWorker(ThreadPoolExecutor.java:1142)
	at java.util.concurrent.ThreadPoolExecutor$Worker.run(ThreadPoolExecutor.java:617)
	at java.lang.Thread.run(Thread.java:745)
... Removed 12 stack frames]]>
    </failure>
  </testcase> <!-- apiKeyTestResponseCode -->
  <testcase name="limitTestResponseCode" time="1.032" classname="gov.nasa.tests.NasaApiTests">
    <failure type="org.springframework.web.client.HttpClientErrorException" message="403 Forbidden">
      <![CDATA[org.springframework.web.client.HttpClientErrorException: 403 Forbidden
	at org.springframework.web.client.DefaultResponseErrorHandler.handleError(DefaultResponseErrorHandler.java:63)
	at org.springframework.web.client.RestTemplate.handleResponse(RestTemplate.java:700)
	at org.springframework.web.client.RestTemplate.doExecute(RestTemplate.java:653)
	at org.springframework.web.client.RestTemplate.execute(RestTemplate.java:628)
	at org.springframework.web.client.RestTemplate.exchange(RestTemplate.java:590)
	at gov.nasa.tests.support.api.ApiService.getStatusCode(ApiService.java:47)
	at gov.nasa.tests.service.NasaSoundApiService.getResponseCode(NasaSoundApiService.java:65)
	at gov.nasa.tests.NasaApiTests.limitTestResponseCode(NasaApiTests.java:137)
	at org.springframework.test.context.testng.AbstractTestNGSpringContextTests.run(AbstractTestNGSpringContextTests.java:175)
	at java.util.concurrent.ThreadPoolExecutor.runWorker(ThreadPoolExecutor.java:1142)
	at java.util.concurrent.ThreadPoolExecutor$Worker.run(ThreadPoolExecutor.java:617)
	at java.lang.Thread.run(Thread.java:745)
... Removed 12 stack frames]]>
    </failure>
  </testcase> <!-- limitTestResponseCode -->
  <testcase name="limitTestValue" time="0.04" classname="gov.nasa.tests.NasaApiTests">
    <failure type="org.springframework.web.client.HttpClientErrorException" message="429 null">
      <![CDATA[org.springframework.web.client.HttpClientErrorException: 429 null
	at org.springframework.web.client.DefaultResponseErrorHandler.handleError(DefaultResponseErrorHandler.java:63)
	at org.springframework.web.client.RestTemplate.handleResponse(RestTemplate.java:700)
	at org.springframework.web.client.RestTemplate.doExecute(RestTemplate.java:653)
	at org.springframework.web.client.RestTemplate.execute(RestTemplate.java:628)
	at org.springframework.web.client.RestTemplate.exchange(RestTemplate.java:590)
	at gov.nasa.tests.support.api.ApiService.getResponse(ApiService.java:35)
	at gov.nasa.tests.service.NasaSoundApiService.getResponse(NasaSoundApiService.java:42)
	at gov.nasa.tests.NasaApiTests.limitTestValue(NasaApiTests.java:82)
	at org.springframework.test.context.testng.AbstractTestNGSpringContextTests.run(AbstractTestNGSpringContextTests.java:175)
	at java.util.concurrent.ThreadPoolExecutor.runWorker(ThreadPoolExecutor.java:1142)
	at java.util.concurrent.ThreadPoolExecutor$Worker.run(ThreadPoolExecutor.java:617)
	at java.lang.Thread.run(Thread.java:745)
... Removed 12 stack frames]]>
    </failure>
  </testcase> <!-- limitTestValue -->
  <testcase name="searchTestResponseCode" time="0.035" classname="gov.nasa.tests.NasaApiTests">
    <failure type="org.springframework.web.client.HttpClientErrorException" message="429 null">
      <![CDATA[org.springframework.web.client.HttpClientErrorException: 429 null
	at org.springframework.web.client.DefaultResponseErrorHandler.handleError(DefaultResponseErrorHandler.java:63)
	at org.springframework.web.client.RestTemplate.handleResponse(RestTemplate.java:700)
	at org.springframework.web.client.RestTemplate.doExecute(RestTemplate.java:653)
	at org.springframework.web.client.RestTemplate.execute(RestTemplate.java:628)
	at org.springframework.web.client.RestTemplate.exchange(RestTemplate.java:590)
	at gov.nasa.tests.support.api.ApiService.getStatusCode(ApiService.java:47)
	at gov.nasa.tests.service.NasaSoundApiService.getResponseCode(NasaSoundApiService.java:74)
	at gov.nasa.tests.NasaApiTests.searchTestResponseCode(NasaApiTests.java:223)
	at org.springframework.test.context.testng.AbstractTestNGSpringContextTests.run(AbstractTestNGSpringContextTests.java:175)
	at java.util.concurrent.ThreadPoolExecutor.runWorker(ThreadPoolExecutor.java:1142)
	at java.util.concurrent.ThreadPoolExecutor$Worker.run(ThreadPoolExecutor.java:617)
	at java.lang.Thread.run(Thread.java:745)
... Removed 12 stack frames]]>
    </failure>
  </testcase> <!-- searchTestResponseCode -->
  <testcase name="searchTestValue" time="0.056" classname="gov.nasa.tests.NasaApiTests">
    <failure type="org.springframework.web.client.HttpClientErrorException" message="429 null">
      <![CDATA[org.springframework.web.client.HttpClientErrorException: 429 null
	at org.springframework.web.client.DefaultResponseErrorHandler.handleError(DefaultResponseErrorHandler.java:63)
	at org.springframework.web.client.RestTemplate.handleResponse(RestTemplate.java:700)
	at org.springframework.web.client.RestTemplate.doExecute(RestTemplate.java:653)
	at org.springframework.web.client.RestTemplate.execute(RestTemplate.java:628)
	at org.springframework.web.client.RestTemplate.exchange(RestTemplate.java:590)
	at gov.nasa.tests.support.api.ApiService.getResponse(ApiService.java:35)
	at gov.nasa.tests.service.NasaSoundApiService.getResponse(NasaSoundApiService.java:42)
	at gov.nasa.tests.NasaApiTests.searchTestValue(NasaApiTests.java:183)
	at org.springframework.test.context.testng.AbstractTestNGSpringContextTests.run(AbstractTestNGSpringContextTests.java:175)
	at java.util.concurrent.ThreadPoolExecutor.runWorker(ThreadPoolExecutor.java:1142)
	at java.util.concurrent.ThreadPoolExecutor$Worker.run(ThreadPoolExecutor.java:617)
	at java.lang.Thread.run(Thread.java:745)
... Removed 12 stack frames]]>
    </failure>
  </testcase> <!-- searchTestValue -->
  <testcase name="searchTestWithLimitResponseCode" time="0.086" classname="gov.nasa.tests.NasaApiTests">
    <failure type="org.springframework.web.client.HttpClientErrorException" message="429 null">
      <![CDATA[org.springframework.web.client.HttpClientErrorException: 429 null
	at org.springframework.web.client.DefaultResponseErrorHandler.handleError(DefaultResponseErrorHandler.java:63)
	at org.springframework.web.client.RestTemplate.handleResponse(RestTemplate.java:700)
	at org.springframework.web.client.RestTemplate.doExecute(RestTemplate.java:653)
	at org.springframework.web.client.RestTemplate.execute(RestTemplate.java:628)
	at org.springframework.web.client.RestTemplate.exchange(RestTemplate.java:590)
	at gov.nasa.tests.support.api.ApiService.getStatusCode(ApiService.java:47)
	at gov.nasa.tests.service.NasaSoundApiService.getResponseCode(NasaSoundApiService.java:85)
	at gov.nasa.tests.NasaApiTests.searchTestWithLimitResponseCode(NasaApiTests.java:290)
	at org.springframework.test.context.testng.AbstractTestNGSpringContextTests.run(AbstractTestNGSpringContextTests.java:175)
	at java.util.concurrent.ThreadPoolExecutor.runWorker(ThreadPoolExecutor.java:1142)
	at java.util.concurrent.ThreadPoolExecutor$Worker.run(ThreadPoolExecutor.java:617)
	at java.lang.Thread.run(Thread.java:745)
... Removed 12 stack frames]]>
    </failure>
  </testcase> <!-- searchTestWithLimitResponseCode -->
  <testcase name="searchTestWithLimitValue" time="0.04" classname="gov.nasa.tests.NasaApiTests">
    <failure type="org.springframework.web.client.HttpClientErrorException" message="429 null">
      <![CDATA[org.springframework.web.client.HttpClientErrorException: 429 null
	at org.springframework.web.client.DefaultResponseErrorHandler.handleError(DefaultResponseErrorHandler.java:63)
	at org.springframework.web.client.RestTemplate.handleResponse(RestTemplate.java:700)
	at org.springframework.web.client.RestTemplate.doExecute(RestTemplate.java:653)
	at org.springframework.web.client.RestTemplate.execute(RestTemplate.java:628)
	at org.springframework.web.client.RestTemplate.exchange(RestTemplate.java:590)
	at gov.nasa.tests.support.api.ApiService.getResponse(ApiService.java:35)
	at gov.nasa.tests.service.NasaSoundApiService.getResponse(NasaSoundApiService.java:53)
	at gov.nasa.tests.NasaApiTests.searchTestWithLimitValue(NasaApiTests.java:252)
	at org.springframework.test.context.testng.AbstractTestNGSpringContextTests.run(AbstractTestNGSpringContextTests.java:175)
	at java.util.concurrent.ThreadPoolExecutor.runWorker(ThreadPoolExecutor.java:1142)
	at java.util.concurrent.ThreadPoolExecutor$Worker.run(ThreadPoolExecutor.java:617)
	at java.lang.Thread.run(Thread.java:745)
... Removed 12 stack frames]]>
    </failure>
  </testcase> <!-- searchTestWithLimitValue -->
  <testcase name="validateJsonSchemaAndDataTypeBySerializingAndDeserializing" time="0.054" classname="gov.nasa.tests.NasaApiTests">
    <failure type="org.springframework.web.client.HttpClientErrorException" message="429 null">
      <![CDATA[org.springframework.web.client.HttpClientErrorException: 429 null
	at org.springframework.web.client.DefaultResponseErrorHandler.handleError(DefaultResponseErrorHandler.java:63)
	at org.springframework.web.client.RestTemplate.handleResponse(RestTemplate.java:700)
	at org.springframework.web.client.RestTemplate.doExecute(RestTemplate.java:653)
	at org.springframework.web.client.RestTemplate.execute(RestTemplate.java:628)
	at org.springframework.web.client.RestTemplate.exchange(RestTemplate.java:590)
	at gov.nasa.tests.support.api.ApiService.getResponse(ApiService.java:35)
	at gov.nasa.tests.service.NasaSoundApiService.getResponseAsString(NasaSoundApiService.java:26)
	at gov.nasa.tests.NasaApiTests.validateJsonSchemaAndDataTypeBySerializingAndDeserializing(NasaApiTests.java:314)
	at org.springframework.test.context.testng.AbstractTestNGSpringContextTests.run(AbstractTestNGSpringContextTests.java:175)
	at java.util.concurrent.ThreadPoolExecutor.runWorker(ThreadPoolExecutor.java:1142)
	at java.util.concurrent.ThreadPoolExecutor$Worker.run(ThreadPoolExecutor.java:617)
	at java.lang.Thread.run(Thread.java:745)
... Removed 12 stack frames]]>
    </failure>
  </testcase> <!-- validateJsonSchemaAndDataTypeBySerializingAndDeserializing -->
</testsuite> <!-- Project NASA XYZ Tests -->
