<?xml version="1.0" encoding="UTF-8"?>
<testsuite xmlns:xsi="http://www.w3.org/2001/XMLSchema-instance" xsi:noNamespaceSchemaLocation="https://maven.apache.org/surefire/maven-surefire-plugin/xsd/surefire-test-report.xsd" name="TestSuite" time="5.868" tests="8" errors="0" skipped="0" failures="8">
  <properties>
[...]
</properties>
  <testcase name="apiKeyTestResponseCode" classname="gov.nasa.tests.NasaApiTests" time="2.925">
    <failure message="403 Forbidden" type="org.springframework.web.client.HttpClientErrorException">org.springframework.web.client.HttpClientErrorException: 403 Forbidden
	at gov.nasa.tests.NasaApiTests.apiKeyTestResponseCode(NasaApiTests.java:159)
</failure>
    <system-out><![CDATA[...
... TestNG 6.11 by Cédric Beust (cedric@beust.com)
...

]]></system-out>
    <system-err><![CDATA[Aug 07, 2017 12:56:37 AM org.springframework.test.context.support.DefaultTestContextBootstrapper getTestExecutionListeners
INFO: Using TestExecutionListeners: [org.springframework.test.context.web.ServletTestExecutionListener@51eb0e84, org.springframework.test.context.support.DirtiesContextBeforeModesTestExecutionListener@4ce267cc, org.springframework.test.context.support.DependencyInjectionTestExecutionListener@2eebce87, org.springframework.test.context.support.DirtiesContextTestExecutionListener@6ee37ca7]
Aug 07, 2017 12:56:37 AM org.springframework.test.context.support.DefaultTestContextBootstrapper getTestExecutionListeners
INFO: Using TestExecutionListeners: [org.springframework.test.context.web.ServletTestExecutionListener@586843bc, org.springframework.test.context.support.DirtiesContextBeforeModesTestExecutionListener@17134190, org.springframework.test.context.support.DependencyInjectionTestExecutionListener@7d8b66d9, org.springframework.test.context.support.DirtiesContextTestExecutionListener@5599b5bb]
Aug 07, 2017 12:56:37 AM org.springframework.test.context.support.DefaultTestContextBootstrapper getTestExecutionListeners
INFO: Using TestExecutionListeners: [org.springframework.test.context.web.ServletTestExecutionListener@1182413a, org.springframework.test.context.support.DirtiesContextBeforeModesTestExecutionListener@4d43a1b7, org.springframework.test.context.support.DependencyInjectionTestExecutionListener@5b14f482, org.springframework.test.context.support.DirtiesContextTestExecutionListener@19705650]
Aug 07, 2017 12:56:37 AM org.springframework.beans.factory.xml.XmlBeanDefinitionReader loadBeanDefinitions
INFO: Loading XML bean definitions from class path resource [spring-test-config.xml]
Aug 07, 2017 12:56:38 AM org.springframework.context.support.GenericApplicationContext prepareRefresh
INFO: Refreshing org.springframework.context.support.GenericApplicationContext@1f5b310: startup date [Mon Aug 07 00:56:38 EDT 2017]; root of context hierarchy
Aug 07, 2017 12:56:38 AM org.springframework.test.context.support.DefaultTestContextBootstrapper getTestExecutionListeners
INFO: Using TestExecutionListeners: [org.springframework.test.context.web.ServletTestExecutionListener@77bf9481, org.springframework.test.context.support.DirtiesContextBeforeModesTestExecutionListener@517236b5, org.springframework.test.context.support.DependencyInjectionTestExecutionListener@2740f58d, org.springframework.test.context.support.DirtiesContextTestExecutionListener@27a2237a]
]]></system-err>
  </testcase>
  <testcase name="limitTestResponseCode" classname="gov.nasa.tests.NasaApiTests" time="1.032">
    <failure message="403 Forbidden" type="org.springframework.web.client.HttpClientErrorException">org.springframework.web.client.HttpClientErrorException: 403 Forbidden
	at gov.nasa.tests.NasaApiTests.limitTestResponseCode(NasaApiTests.java:137)
</failure>
  </testcase>
  <testcase name="limitTestValue" classname="gov.nasa.tests.NasaApiTests" time="0.04">
    <failure message="429 null" type="org.springframework.web.client.HttpClientErrorException">org.springframework.web.client.HttpClientErrorException: 429 null
	at gov.nasa.tests.NasaApiTests.limitTestValue(NasaApiTests.java:82)
</failure>
  </testcase>
  <testcase name="searchTestResponseCode" classname="gov.nasa.tests.NasaApiTests" time="0.035">
    <failure message="429 null" type="org.springframework.web.client.HttpClientErrorException">org.springframework.web.client.HttpClientErrorException: 429 null
	at gov.nasa.tests.NasaApiTests.searchTestResponseCode(NasaApiTests.java:223)
</failure>
  </testcase>
  <testcase name="searchTestValue" classname="gov.nasa.tests.NasaApiTests" time="0.056">
    <failure message="429 null" type="org.springframework.web.client.HttpClientErrorException">org.springframework.web.client.HttpClientErrorException: 429 null
	at gov.nasa.tests.NasaApiTests.searchTestValue(NasaApiTests.java:183)
</failure>
  </testcase>
  <testcase name="searchTestWithLimitResponseCode" classname="gov.nasa.tests.NasaApiTests" time="0.087">
    <failure message="429 null" type="org.springframework.web.client.HttpClientErrorException">org.springframework.web.client.HttpClientErrorException: 429 null
	at gov.nasa.tests.NasaApiTests.searchTestWithLimitResponseCode(NasaApiTests.java:290)
</failure>
  </testcase>
  <testcase name="searchTestWithLimitValue" classname="gov.nasa.tests.NasaApiTests" time="0.039">
    <failure message="429 null" type="org.springframework.web.client.HttpClientErrorException">org.springframework.web.client.HttpClientErrorException: 429 null
	at gov.nasa.tests.NasaApiTests.searchTestWithLimitValue(NasaApiTests.java:252)
</failure>
  </testcase>
  <testcase name="validateJsonSchemaAndDataTypeBySerializingAndDeserializing" classname="gov.nasa.tests.NasaApiTests" time="0.055">
    <failure message="429 null" type="org.springframework.web.client.HttpClientErrorException">org.springframework.web.client.HttpClientErrorException: 429 null
	at gov.nasa.tests.NasaApiTests.validateJsonSchemaAndDataTypeBySerializingAndDeserializing(NasaApiTests.java:314)
</failure>
  </testcase>
</testsuite>